mode: atomic
github.com/AnnV0lokitina/diplom1/cmd/gophkeeper/entity/file.go:17.53,21.2 1 0
github.com/AnnV0lokitina/diplom1/cmd/gophkeeper/entity/file.go:23.62,25.2 1 0
github.com/AnnV0lokitina/diplom1/cmd/gophkeeper/entity/file.go:27.42,29.2 1 0
github.com/AnnV0lokitina/diplom1/cmd/gophkeeper/repo/remove.go:6.56,10.39 4 4
github.com/AnnV0lokitina/diplom1/cmd/gophkeeper/repo/remove.go:18.2,18.24 1 4
github.com/AnnV0lokitina/diplom1/cmd/gophkeeper/repo/remove.go:21.2,22.16 2 3
github.com/AnnV0lokitina/diplom1/cmd/gophkeeper/repo/remove.go:26.2,27.16 2 2
github.com/AnnV0lokitina/diplom1/cmd/gophkeeper/repo/remove.go:31.2,31.12 1 1
github.com/AnnV0lokitina/diplom1/cmd/gophkeeper/repo/remove.go:10.39,11.44 1 4
github.com/AnnV0lokitina/diplom1/cmd/gophkeeper/repo/remove.go:11.44,15.9 4 3
github.com/AnnV0lokitina/diplom1/cmd/gophkeeper/repo/remove.go:18.24,20.3 1 1
github.com/AnnV0lokitina/diplom1/cmd/gophkeeper/repo/remove.go:22.16,25.3 2 1
github.com/AnnV0lokitina/diplom1/cmd/gophkeeper/repo/remove.go:27.16,30.3 2 1
github.com/AnnV0lokitina/diplom1/cmd/gophkeeper/repo/remove.go:35.58,39.41 4 4
github.com/AnnV0lokitina/diplom1/cmd/gophkeeper/repo/remove.go:47.2,47.24 1 4
github.com/AnnV0lokitina/diplom1/cmd/gophkeeper/repo/remove.go:50.2,51.16 2 3
github.com/AnnV0lokitina/diplom1/cmd/gophkeeper/repo/remove.go:55.2,56.16 2 2
github.com/AnnV0lokitina/diplom1/cmd/gophkeeper/repo/remove.go:60.2,60.12 1 1
github.com/AnnV0lokitina/diplom1/cmd/gophkeeper/repo/remove.go:39.41,40.46 1 4
github.com/AnnV0lokitina/diplom1/cmd/gophkeeper/repo/remove.go:40.46,44.9 4 3
github.com/AnnV0lokitina/diplom1/cmd/gophkeeper/repo/remove.go:47.24,49.3 1 1
github.com/AnnV0lokitina/diplom1/cmd/gophkeeper/repo/remove.go:51.16,54.3 2 1
github.com/AnnV0lokitina/diplom1/cmd/gophkeeper/repo/remove.go:56.16,59.3 2 1
github.com/AnnV0lokitina/diplom1/cmd/gophkeeper/repo/remove.go:64.61,68.42 4 3
github.com/AnnV0lokitina/diplom1/cmd/gophkeeper/repo/remove.go:76.2,76.24 1 3
github.com/AnnV0lokitina/diplom1/cmd/gophkeeper/repo/remove.go:79.2,80.16 2 2
github.com/AnnV0lokitina/diplom1/cmd/gophkeeper/repo/remove.go:84.2,84.12 1 1
github.com/AnnV0lokitina/diplom1/cmd/gophkeeper/repo/remove.go:68.42,69.49 1 3
github.com/AnnV0lokitina/diplom1/cmd/gophkeeper/repo/remove.go:69.49,73.9 4 2
github.com/AnnV0lokitina/diplom1/cmd/gophkeeper/repo/remove.go:76.24,78.3 1 1
github.com/AnnV0lokitina/diplom1/cmd/gophkeeper/repo/remove.go:80.16,83.3 2 1
github.com/AnnV0lokitina/diplom1/cmd/gophkeeper/repo/remove.go:88.60,92.39 4 3
github.com/AnnV0lokitina/diplom1/cmd/gophkeeper/repo/remove.go:100.2,100.24 1 3
github.com/AnnV0lokitina/diplom1/cmd/gophkeeper/repo/remove.go:103.2,104.16 2 2
github.com/AnnV0lokitina/diplom1/cmd/gophkeeper/repo/remove.go:108.2,108.12 1 1
github.com/AnnV0lokitina/diplom1/cmd/gophkeeper/repo/remove.go:92.39,93.48 1 3
github.com/AnnV0lokitina/diplom1/cmd/gophkeeper/repo/remove.go:93.48,97.9 4 2
github.com/AnnV0lokitina/diplom1/cmd/gophkeeper/repo/remove.go:100.24,102.3 1 1
github.com/AnnV0lokitina/diplom1/cmd/gophkeeper/repo/remove.go:104.16,107.3 2 1
github.com/AnnV0lokitina/diplom1/cmd/gophkeeper/repo/repo.go:30.18,35.21 2 2
github.com/AnnV0lokitina/diplom1/cmd/gophkeeper/repo/repo.go:46.2,52.8 1 2
github.com/AnnV0lokitina/diplom1/cmd/gophkeeper/repo/repo.go:35.21,36.16 1 1
github.com/AnnV0lokitina/diplom1/cmd/gophkeeper/repo/repo.go:39.3,40.17 2 1
github.com/AnnV0lokitina/diplom1/cmd/gophkeeper/repo/repo.go:36.16,38.4 1 1
github.com/AnnV0lokitina/diplom1/cmd/gophkeeper/repo/repo.go:40.17,42.4 1 0
github.com/AnnV0lokitina/diplom1/cmd/gophkeeper/repo/repo.go:43.8,45.3 1 1
github.com/AnnV0lokitina/diplom1/cmd/gophkeeper/repo/repo.go:56.30,58.2 1 2
github.com/AnnV0lokitina/diplom1/cmd/gophkeeper/repo/stream.go:9.34,13.2 3 2
github.com/AnnV0lokitina/diplom1/cmd/gophkeeper/repo/stream.go:15.34,19.2 3 2
github.com/AnnV0lokitina/diplom1/cmd/gophkeeper/repo/stream.go:21.52,26.16 4 2
github.com/AnnV0lokitina/diplom1/cmd/gophkeeper/repo/stream.go:31.2,33.8 1 1
github.com/AnnV0lokitina/diplom1/cmd/gophkeeper/repo/stream.go:26.16,30.3 1 1
github.com/AnnV0lokitina/diplom1/cmd/gophkeeper/repo/stream.go:36.52,40.2 3 2
github.com/AnnV0lokitina/diplom1/cmd/gophkeeper/repo/stream.go:42.58,46.2 3 2
github.com/AnnV0lokitina/diplom1/cmd/gophkeeper/repo/add.go:9.74,13.45 4 4
github.com/AnnV0lokitina/diplom1/cmd/gophkeeper/repo/add.go:19.2,21.16 3 3
github.com/AnnV0lokitina/diplom1/cmd/gophkeeper/repo/add.go:25.2,26.16 2 2
github.com/AnnV0lokitina/diplom1/cmd/gophkeeper/repo/add.go:30.2,30.12 1 1
github.com/AnnV0lokitina/diplom1/cmd/gophkeeper/repo/add.go:13.45,14.29 1 1
github.com/AnnV0lokitina/diplom1/cmd/gophkeeper/repo/add.go:17.3,17.42 1 0
github.com/AnnV0lokitina/diplom1/cmd/gophkeeper/repo/add.go:14.29,16.4 1 1
github.com/AnnV0lokitina/diplom1/cmd/gophkeeper/repo/add.go:21.16,24.3 2 1
github.com/AnnV0lokitina/diplom1/cmd/gophkeeper/repo/add.go:26.16,29.3 2 1
github.com/AnnV0lokitina/diplom1/cmd/gophkeeper/repo/add.go:34.76,38.47 4 4
github.com/AnnV0lokitina/diplom1/cmd/gophkeeper/repo/add.go:44.2,46.16 3 3
github.com/AnnV0lokitina/diplom1/cmd/gophkeeper/repo/add.go:50.2,51.16 2 2
github.com/AnnV0lokitina/diplom1/cmd/gophkeeper/repo/add.go:55.2,55.12 1 1
github.com/AnnV0lokitina/diplom1/cmd/gophkeeper/repo/add.go:38.47,39.29 1 1
github.com/AnnV0lokitina/diplom1/cmd/gophkeeper/repo/add.go:42.3,42.42 1 0
github.com/AnnV0lokitina/diplom1/cmd/gophkeeper/repo/add.go:39.29,41.4 1 1
github.com/AnnV0lokitina/diplom1/cmd/gophkeeper/repo/add.go:46.16,49.3 2 1
github.com/AnnV0lokitina/diplom1/cmd/gophkeeper/repo/add.go:51.16,54.3 2 1
github.com/AnnV0lokitina/diplom1/cmd/gophkeeper/repo/add.go:59.62,63.48 4 3
github.com/AnnV0lokitina/diplom1/cmd/gophkeeper/repo/add.go:69.2,71.16 3 2
github.com/AnnV0lokitina/diplom1/cmd/gophkeeper/repo/add.go:75.2,75.12 1 1
github.com/AnnV0lokitina/diplom1/cmd/gophkeeper/repo/add.go:63.48,64.31 1 1
github.com/AnnV0lokitina/diplom1/cmd/gophkeeper/repo/add.go:67.3,67.34 1 0
github.com/AnnV0lokitina/diplom1/cmd/gophkeeper/repo/add.go:64.31,66.4 1 1
github.com/AnnV0lokitina/diplom1/cmd/gophkeeper/repo/add.go:71.16,74.3 2 1
github.com/AnnV0lokitina/diplom1/cmd/gophkeeper/repo/add.go:79.56,83.45 4 3
github.com/AnnV0lokitina/diplom1/cmd/gophkeeper/repo/add.go:89.2,91.16 3 2
github.com/AnnV0lokitina/diplom1/cmd/gophkeeper/repo/add.go:95.2,95.12 1 1
github.com/AnnV0lokitina/diplom1/cmd/gophkeeper/repo/add.go:83.45,84.33 1 1
github.com/AnnV0lokitina/diplom1/cmd/gophkeeper/repo/add.go:87.3,87.34 1 0
github.com/AnnV0lokitina/diplom1/cmd/gophkeeper/repo/add.go:84.33,86.4 1 1
github.com/AnnV0lokitina/diplom1/cmd/gophkeeper/repo/add.go:91.16,94.3 2 1
github.com/AnnV0lokitina/diplom1/cmd/gophkeeper/repo/get.go:9.48,13.2 3 1
github.com/AnnV0lokitina/diplom1/cmd/gophkeeper/repo/get.go:16.84,20.39 4 3
github.com/AnnV0lokitina/diplom1/cmd/gophkeeper/repo/get.go:25.2,25.17 1 3
github.com/AnnV0lokitina/diplom1/cmd/gophkeeper/repo/get.go:28.2,29.16 2 2
github.com/AnnV0lokitina/diplom1/cmd/gophkeeper/repo/get.go:32.2,32.26 1 1
github.com/AnnV0lokitina/diplom1/cmd/gophkeeper/repo/get.go:20.39,21.44 1 3
github.com/AnnV0lokitina/diplom1/cmd/gophkeeper/repo/get.go:21.44,23.4 1 2
github.com/AnnV0lokitina/diplom1/cmd/gophkeeper/repo/get.go:25.17,27.3 1 1
github.com/AnnV0lokitina/diplom1/cmd/gophkeeper/repo/get.go:29.16,31.3 1 1
github.com/AnnV0lokitina/diplom1/cmd/gophkeeper/repo/get.go:36.50,40.2 3 1
github.com/AnnV0lokitina/diplom1/cmd/gophkeeper/repo/get.go:43.86,47.41 4 3
github.com/AnnV0lokitina/diplom1/cmd/gophkeeper/repo/get.go:52.2,52.17 1 3
github.com/AnnV0lokitina/diplom1/cmd/gophkeeper/repo/get.go:55.2,56.16 2 2
github.com/AnnV0lokitina/diplom1/cmd/gophkeeper/repo/get.go:59.2,59.26 1 1
github.com/AnnV0lokitina/diplom1/cmd/gophkeeper/repo/get.go:47.41,48.46 1 3
github.com/AnnV0lokitina/diplom1/cmd/gophkeeper/repo/get.go:48.46,50.4 1 2
github.com/AnnV0lokitina/diplom1/cmd/gophkeeper/repo/get.go:52.17,54.3 1 1
github.com/AnnV0lokitina/diplom1/cmd/gophkeeper/repo/get.go:56.16,58.3 1 1
github.com/AnnV0lokitina/diplom1/cmd/gophkeeper/repo/get.go:63.58,67.2 3 1
github.com/AnnV0lokitina/diplom1/cmd/gophkeeper/repo/get.go:70.72,73.41 3 2
github.com/AnnV0lokitina/diplom1/cmd/gophkeeper/repo/get.go:78.2,78.12 1 1
github.com/AnnV0lokitina/diplom1/cmd/gophkeeper/repo/get.go:73.41,74.49 1 2
github.com/AnnV0lokitina/diplom1/cmd/gophkeeper/repo/get.go:74.49,76.4 1 1
github.com/AnnV0lokitina/diplom1/cmd/gophkeeper/repo/get.go:82.52,86.2 3 1
github.com/AnnV0lokitina/diplom1/cmd/gophkeeper/repo/get.go:89.68,92.39 3 2
github.com/AnnV0lokitina/diplom1/cmd/gophkeeper/repo/get.go:97.2,97.12 1 1
github.com/AnnV0lokitina/diplom1/cmd/gophkeeper/repo/get.go:92.39,93.48 1 2
github.com/AnnV0lokitina/diplom1/cmd/gophkeeper/repo/get.go:93.48,95.4 1 1
github.com/AnnV0lokitina/diplom1/cmd/gophkeeper/filestorage/record_writer.go:16.50,18.16 2 1
github.com/AnnV0lokitina/diplom1/cmd/gophkeeper/filestorage/record_writer.go:21.2,24.8 1 1
github.com/AnnV0lokitina/diplom1/cmd/gophkeeper/filestorage/record_writer.go:18.16,20.3 1 0
github.com/AnnV0lokitina/diplom1/cmd/gophkeeper/filestorage/record_writer.go:28.59,30.2 1 1
github.com/AnnV0lokitina/diplom1/cmd/gophkeeper/filestorage/record_writer.go:33.32,35.2 1 1
github.com/AnnV0lokitina/diplom1/cmd/gophkeeper/filestorage/session.go:12.43,16.2 1 1
github.com/AnnV0lokitina/diplom1/cmd/gophkeeper/filestorage/session.go:19.48,22.16 3 1
github.com/AnnV0lokitina/diplom1/cmd/gophkeeper/filestorage/session.go:25.2,27.12 3 1
github.com/AnnV0lokitina/diplom1/cmd/gophkeeper/filestorage/session.go:22.16,24.3 1 0
github.com/AnnV0lokitina/diplom1/cmd/gophkeeper/filestorage/session.go:31.41,34.16 3 2
github.com/AnnV0lokitina/diplom1/cmd/gophkeeper/filestorage/session.go:37.2,37.29 1 1
github.com/AnnV0lokitina/diplom1/cmd/gophkeeper/filestorage/session.go:34.16,36.3 1 1
github.com/AnnV0lokitina/diplom1/cmd/gophkeeper/filestorage/enclosure.go:13.48,17.2 1 3
github.com/AnnV0lokitina/diplom1/cmd/gophkeeper/filestorage/enclosure.go:20.72,24.16 4 2
github.com/AnnV0lokitina/diplom1/cmd/gophkeeper/filestorage/enclosure.go:27.2,29.16 3 1
github.com/AnnV0lokitina/diplom1/cmd/gophkeeper/filestorage/enclosure.go:32.2,32.12 1 1
github.com/AnnV0lokitina/diplom1/cmd/gophkeeper/filestorage/enclosure.go:24.16,26.3 1 1
github.com/AnnV0lokitina/diplom1/cmd/gophkeeper/filestorage/enclosure.go:29.16,31.3 1 0
github.com/AnnV0lokitina/diplom1/cmd/gophkeeper/filestorage/enclosure.go:36.67,39.16 3 3
github.com/AnnV0lokitina/diplom1/cmd/gophkeeper/filestorage/enclosure.go:42.2,42.24 1 1
github.com/AnnV0lokitina/diplom1/cmd/gophkeeper/filestorage/enclosure.go:39.16,41.3 1 2
github.com/AnnV0lokitina/diplom1/cmd/gophkeeper/filestorage/enclosure.go:46.52,49.2 2 2
github.com/AnnV0lokitina/diplom1/cmd/gophkeeper/filestorage/external_file.go:12.38,14.2 1 1
github.com/AnnV0lokitina/diplom1/cmd/gophkeeper/filestorage/external_file.go:17.75,20.16 3 2
github.com/AnnV0lokitina/diplom1/cmd/gophkeeper/filestorage/external_file.go:23.2,24.16 2 1
github.com/AnnV0lokitina/diplom1/cmd/gophkeeper/filestorage/external_file.go:27.2,27.12 1 1
github.com/AnnV0lokitina/diplom1/cmd/gophkeeper/filestorage/external_file.go:20.16,22.3 1 1
github.com/AnnV0lokitina/diplom1/cmd/gophkeeper/filestorage/external_file.go:24.16,26.3 1 0
github.com/AnnV0lokitina/diplom1/cmd/gophkeeper/filestorage/external_file.go:31.78,33.44 2 2
github.com/AnnV0lokitina/diplom1/cmd/gophkeeper/filestorage/external_file.go:36.2,37.16 2 1
github.com/AnnV0lokitina/diplom1/cmd/gophkeeper/filestorage/external_file.go:40.2,40.31 1 1
github.com/AnnV0lokitina/diplom1/cmd/gophkeeper/filestorage/external_file.go:33.44,35.3 1 1
github.com/AnnV0lokitina/diplom1/cmd/gophkeeper/filestorage/external_file.go:37.16,39.3 1 0
github.com/AnnV0lokitina/diplom1/cmd/gophkeeper/filestorage/params_upload.go:10.61,12.16 2 2
github.com/AnnV0lokitina/diplom1/cmd/gophkeeper/filestorage/params_upload.go:15.2,15.51 1 1
github.com/AnnV0lokitina/diplom1/cmd/gophkeeper/filestorage/params_upload.go:18.2,18.12 1 1
github.com/AnnV0lokitina/diplom1/cmd/gophkeeper/filestorage/params_upload.go:12.16,14.3 1 1
github.com/AnnV0lokitina/diplom1/cmd/gophkeeper/filestorage/params_upload.go:15.51,17.3 1 0
github.com/AnnV0lokitina/diplom1/cmd/gophkeeper/filestorage/record_reader.go:19.50,21.44 2 1
github.com/AnnV0lokitina/diplom1/cmd/gophkeeper/filestorage/record_reader.go:24.2,25.16 2 1
github.com/AnnV0lokitina/diplom1/cmd/gophkeeper/filestorage/record_reader.go:28.2,31.8 1 1
github.com/AnnV0lokitina/diplom1/cmd/gophkeeper/filestorage/record_reader.go:21.44,23.3 1 0
github.com/AnnV0lokitina/diplom1/cmd/gophkeeper/filestorage/record_reader.go:25.16,27.3 1 0
github.com/AnnV0lokitina/diplom1/cmd/gophkeeper/filestorage/record_reader.go:35.31,37.2 1 0
github.com/AnnV0lokitina/diplom1/cmd/gophkeeper/filestorage/record_reader.go:40.55,42.50 2 1
github.com/AnnV0lokitina/diplom1/cmd/gophkeeper/filestorage/record_reader.go:45.2,45.21 1 1
github.com/AnnV0lokitina/diplom1/cmd/gophkeeper/filestorage/record_reader.go:42.50,44.3 1 0
github.com/AnnV0lokitina/diplom1/cmd/gophkeeper/filestorage/record_reader.go:49.32,51.2 1 1
github.com/AnnV0lokitina/diplom1/cmd/gophkeeper/service/remote/update_info.go:18.55,20.16 2 7
github.com/AnnV0lokitina/diplom1/cmd/gophkeeper/service/remote/update_info.go:23.2,25.16 3 7
github.com/AnnV0lokitina/diplom1/cmd/gophkeeper/service/remote/update_info.go:29.2,30.16 2 6
github.com/AnnV0lokitina/diplom1/cmd/gophkeeper/service/remote/update_info.go:34.2,36.20 3 4
github.com/AnnV0lokitina/diplom1/cmd/gophkeeper/service/remote/update_info.go:40.2,40.20 1 4
github.com/AnnV0lokitina/diplom1/cmd/gophkeeper/service/remote/update_info.go:44.2,44.33 1 4
github.com/AnnV0lokitina/diplom1/cmd/gophkeeper/service/remote/update_info.go:47.2,48.12 2 1
github.com/AnnV0lokitina/diplom1/cmd/gophkeeper/service/remote/update_info.go:20.16,22.3 1 2
github.com/AnnV0lokitina/diplom1/cmd/gophkeeper/service/remote/update_info.go:25.16,28.3 2 1
github.com/AnnV0lokitina/diplom1/cmd/gophkeeper/service/remote/update_info.go:30.16,33.3 2 2
github.com/AnnV0lokitina/diplom1/cmd/gophkeeper/service/remote/update_info.go:36.20,39.3 2 4
github.com/AnnV0lokitina/diplom1/cmd/gophkeeper/service/remote/update_info.go:40.20,43.3 2 4
github.com/AnnV0lokitina/diplom1/cmd/gophkeeper/service/remote/update_info.go:44.33,46.3 1 3
github.com/AnnV0lokitina/diplom1/cmd/gophkeeper/service/remote/update_info.go:52.58,54.16 2 6
github.com/AnnV0lokitina/diplom1/cmd/gophkeeper/service/remote/update_info.go:57.2,59.16 3 6
github.com/AnnV0lokitina/diplom1/cmd/gophkeeper/service/remote/update_info.go:62.2,64.20 3 6
github.com/AnnV0lokitina/diplom1/cmd/gophkeeper/service/remote/update_info.go:68.2,68.20 1 6
github.com/AnnV0lokitina/diplom1/cmd/gophkeeper/service/remote/update_info.go:75.2,75.33 1 6
github.com/AnnV0lokitina/diplom1/cmd/gophkeeper/service/remote/update_info.go:78.2,79.16 2 2
github.com/AnnV0lokitina/diplom1/cmd/gophkeeper/service/remote/update_info.go:83.2,84.12 2 1
github.com/AnnV0lokitina/diplom1/cmd/gophkeeper/service/remote/update_info.go:54.16,56.3 1 1
github.com/AnnV0lokitina/diplom1/cmd/gophkeeper/service/remote/update_info.go:59.16,61.3 1 4
github.com/AnnV0lokitina/diplom1/cmd/gophkeeper/service/remote/update_info.go:64.20,67.3 2 6
github.com/AnnV0lokitina/diplom1/cmd/gophkeeper/service/remote/update_info.go:68.20,71.3 2 6
github.com/AnnV0lokitina/diplom1/cmd/gophkeeper/service/remote/update_info.go:75.33,77.3 1 4
github.com/AnnV0lokitina/diplom1/cmd/gophkeeper/service/remote/update_info.go:79.16,82.3 2 1
github.com/AnnV0lokitina/diplom1/cmd/gophkeeper/service/remote/registration.go:8.86,10.16 2 3
github.com/AnnV0lokitina/diplom1/cmd/gophkeeper/service/remote/registration.go:13.2,13.33 1 2
github.com/AnnV0lokitina/diplom1/cmd/gophkeeper/service/remote/registration.go:10.16,12.3 1 1
github.com/AnnV0lokitina/diplom1/cmd/gophkeeper/service/remote/registration.go:17.83,19.16 2 3
github.com/AnnV0lokitina/diplom1/cmd/gophkeeper/service/remote/registration.go:22.2,22.33 1 2
github.com/AnnV0lokitina/diplom1/cmd/gophkeeper/service/remote/registration.go:19.16,21.3 1 1
github.com/AnnV0lokitina/diplom1/internal/entity/users.go:23.49,27.2 3 1
github.com/AnnV0lokitina/diplom1/internal/entity/users.go:30.42,33.16 3 2
github.com/AnnV0lokitina/diplom1/internal/entity/users.go:36.2,36.34 1 2
github.com/AnnV0lokitina/diplom1/internal/entity/users.go:33.16,35.3 1 0
github.com/AnnV0lokitina/diplom1/internal/repo/repo.go:18.28,22.2 1 4
github.com/AnnV0lokitina/diplom1/internal/repo/repo.go:25.67,30.16 4 2
github.com/AnnV0lokitina/diplom1/internal/repo/repo.go:33.2,35.8 1 1
github.com/AnnV0lokitina/diplom1/internal/repo/repo.go:30.16,32.3 1 1
github.com/AnnV0lokitina/diplom1/internal/repo/repo.go:39.57,45.2 4 2
github.com/AnnV0lokitina/diplom1/internal/repo/repo.go:48.63,54.2 4 2
github.com/AnnV0lokitina/diplom1/internal/service/service.go:20.44,25.2 1 5
github.com/AnnV0lokitina/diplom1/internal/service/service.go:28.106,31.16 3 2
github.com/AnnV0lokitina/diplom1/internal/service/service.go:34.2,35.16 2 2
github.com/AnnV0lokitina/diplom1/internal/service/service.go:38.2,42.18 2 1
github.com/AnnV0lokitina/diplom1/internal/service/service.go:31.16,33.3 1 0
github.com/AnnV0lokitina/diplom1/internal/service/service.go:35.16,37.3 1 1
github.com/AnnV0lokitina/diplom1/internal/service/service.go:46.103,49.16 3 4
github.com/AnnV0lokitina/diplom1/internal/service/service.go:52.2,53.16 2 4
github.com/AnnV0lokitina/diplom1/internal/service/service.go:61.2,67.16 3 2
github.com/AnnV0lokitina/diplom1/internal/service/service.go:70.2,70.18 1 1
github.com/AnnV0lokitina/diplom1/internal/service/service.go:49.16,51.3 1 0
github.com/AnnV0lokitina/diplom1/internal/service/service.go:53.16,55.77 2 2
github.com/AnnV0lokitina/diplom1/internal/service/service.go:59.3,59.18 1 2
github.com/AnnV0lokitina/diplom1/internal/service/service.go:55.77,58.4 2 0
github.com/AnnV0lokitina/diplom1/internal/service/service.go:67.16,69.3 1 1
github.com/AnnV0lokitina/diplom1/internal/service/service.go:74.94,76.16 2 14
github.com/AnnV0lokitina/diplom1/internal/service/service.go:84.2,84.18 1 10
github.com/AnnV0lokitina/diplom1/internal/service/service.go:76.16,78.77 2 4
github.com/AnnV0lokitina/diplom1/internal/service/service.go:82.3,82.18 1 4
github.com/AnnV0lokitina/diplom1/internal/service/service.go:78.77,81.4 2 0
github.com/AnnV0lokitina/diplom1/internal/service/service.go:93.9,96.16 3 5
github.com/AnnV0lokitina/diplom1/internal/service/service.go:100.2,102.16 3 4
github.com/AnnV0lokitina/diplom1/internal/service/service.go:106.2,106.34 1 3
github.com/AnnV0lokitina/diplom1/internal/service/service.go:110.2,110.35 1 2
github.com/AnnV0lokitina/diplom1/internal/service/service.go:96.16,99.3 2 1
github.com/AnnV0lokitina/diplom1/internal/service/service.go:102.16,105.3 2 1
github.com/AnnV0lokitina/diplom1/internal/service/service.go:106.34,109.3 2 1
github.com/AnnV0lokitina/diplom1/internal/service/service.go:114.103,117.16 3 6
github.com/AnnV0lokitina/diplom1/internal/service/service.go:121.2,123.16 3 5
github.com/AnnV0lokitina/diplom1/internal/service/service.go:127.2,127.33 1 3
github.com/AnnV0lokitina/diplom1/internal/service/service.go:131.2,131.36 1 2
github.com/AnnV0lokitina/diplom1/internal/service/service.go:117.16,120.3 2 1
github.com/AnnV0lokitina/diplom1/internal/service/service.go:123.16,126.3 2 2
github.com/AnnV0lokitina/diplom1/internal/service/service.go:127.33,130.3 2 1
github.com/AnnV0lokitina/diplom1/cmd/gophkeeper/service/add.go:10.105,12.16 2 4
github.com/AnnV0lokitina/diplom1/cmd/gophkeeper/service/add.go:15.2,21.16 3 4
github.com/AnnV0lokitina/diplom1/cmd/gophkeeper/service/add.go:24.2,24.26 1 2
github.com/AnnV0lokitina/diplom1/cmd/gophkeeper/service/add.go:12.16,14.3 1 1
github.com/AnnV0lokitina/diplom1/cmd/gophkeeper/service/add.go:21.16,23.3 1 2
github.com/AnnV0lokitina/diplom1/cmd/gophkeeper/service/add.go:28.93,30.16 2 4
github.com/AnnV0lokitina/diplom1/cmd/gophkeeper/service/add.go:33.2,39.16 4 4
github.com/AnnV0lokitina/diplom1/cmd/gophkeeper/service/add.go:42.2,42.26 1 2
github.com/AnnV0lokitina/diplom1/cmd/gophkeeper/service/add.go:30.16,32.3 1 1
github.com/AnnV0lokitina/diplom1/cmd/gophkeeper/service/add.go:39.16,41.3 1 2
github.com/AnnV0lokitina/diplom1/cmd/gophkeeper/service/add.go:46.94,48.16 2 5
github.com/AnnV0lokitina/diplom1/cmd/gophkeeper/service/add.go:51.2,52.16 2 5
github.com/AnnV0lokitina/diplom1/cmd/gophkeeper/service/add.go:55.2,60.16 3 3
github.com/AnnV0lokitina/diplom1/cmd/gophkeeper/service/add.go:63.2,63.26 1 2
github.com/AnnV0lokitina/diplom1/cmd/gophkeeper/service/add.go:48.16,50.3 1 1
github.com/AnnV0lokitina/diplom1/cmd/gophkeeper/service/add.go:52.16,54.3 1 2
github.com/AnnV0lokitina/diplom1/cmd/gophkeeper/service/add.go:60.16,62.3 1 1
github.com/AnnV0lokitina/diplom1/cmd/gophkeeper/service/add.go:74.9,76.16 2 4
github.com/AnnV0lokitina/diplom1/cmd/gophkeeper/service/add.go:79.2,87.16 3 4
github.com/AnnV0lokitina/diplom1/cmd/gophkeeper/service/add.go:90.2,90.26 1 2
github.com/AnnV0lokitina/diplom1/cmd/gophkeeper/service/add.go:76.16,78.3 1 1
github.com/AnnV0lokitina/diplom1/cmd/gophkeeper/service/add.go:87.16,89.3 1 2
github.com/AnnV0lokitina/diplom1/cmd/gophkeeper/service/remove.go:8.85,10.16 2 0
github.com/AnnV0lokitina/diplom1/cmd/gophkeeper/service/remove.go:13.2,14.16 2 0
github.com/AnnV0lokitina/diplom1/cmd/gophkeeper/service/remove.go:17.2,17.26 1 0
github.com/AnnV0lokitina/diplom1/cmd/gophkeeper/service/remove.go:10.16,12.3 1 0
github.com/AnnV0lokitina/diplom1/cmd/gophkeeper/service/remove.go:14.16,16.3 1 0
github.com/AnnV0lokitina/diplom1/cmd/gophkeeper/service/remove.go:20.76,22.16 2 0
github.com/AnnV0lokitina/diplom1/cmd/gophkeeper/service/remove.go:25.2,26.16 2 0
github.com/AnnV0lokitina/diplom1/cmd/gophkeeper/service/remove.go:29.2,29.26 1 0
github.com/AnnV0lokitina/diplom1/cmd/gophkeeper/service/remove.go:22.16,24.3 1 0
github.com/AnnV0lokitina/diplom1/cmd/gophkeeper/service/remove.go:26.16,28.3 1 0
github.com/AnnV0lokitina/diplom1/cmd/gophkeeper/service/remove.go:32.82,34.16 2 0
github.com/AnnV0lokitina/diplom1/cmd/gophkeeper/service/remove.go:37.2,38.16 2 0
github.com/AnnV0lokitina/diplom1/cmd/gophkeeper/service/remove.go:41.2,41.26 1 0
github.com/AnnV0lokitina/diplom1/cmd/gophkeeper/service/remove.go:34.16,36.3 1 0
github.com/AnnV0lokitina/diplom1/cmd/gophkeeper/service/remove.go:38.16,40.3 1 0
github.com/AnnV0lokitina/diplom1/cmd/gophkeeper/service/remove.go:44.84,46.16 2 0
github.com/AnnV0lokitina/diplom1/cmd/gophkeeper/service/remove.go:49.2,50.16 2 0
github.com/AnnV0lokitina/diplom1/cmd/gophkeeper/service/remove.go:53.2,53.26 1 0
github.com/AnnV0lokitina/diplom1/cmd/gophkeeper/service/remove.go:46.16,48.3 1 0
github.com/AnnV0lokitina/diplom1/cmd/gophkeeper/service/remove.go:50.16,52.3 1 0
github.com/AnnV0lokitina/diplom1/cmd/gophkeeper/service/service.go:20.12,30.2 1 1
github.com/AnnV0lokitina/diplom1/cmd/gophkeeper/service/service.go:33.86,35.2 1 2
github.com/AnnV0lokitina/diplom1/cmd/gophkeeper/service/service.go:38.83,40.2 1 2
github.com/AnnV0lokitina/diplom1/cmd/gophkeeper/service/show.go:11.81,13.16 2 0
github.com/AnnV0lokitina/diplom1/cmd/gophkeeper/service/show.go:16.2,16.36 1 0
github.com/AnnV0lokitina/diplom1/cmd/gophkeeper/service/show.go:13.16,15.3 1 0
github.com/AnnV0lokitina/diplom1/cmd/gophkeeper/service/show.go:19.72,21.16 2 0
github.com/AnnV0lokitina/diplom1/cmd/gophkeeper/service/show.go:24.2,24.33 1 0
github.com/AnnV0lokitina/diplom1/cmd/gophkeeper/service/show.go:21.16,23.3 1 0
github.com/AnnV0lokitina/diplom1/cmd/gophkeeper/service/show.go:27.73,29.16 2 0
github.com/AnnV0lokitina/diplom1/cmd/gophkeeper/service/show.go:32.2,32.35 1 0
github.com/AnnV0lokitina/diplom1/cmd/gophkeeper/service/show.go:29.16,31.3 1 0
github.com/AnnV0lokitina/diplom1/cmd/gophkeeper/service/show.go:35.75,37.16 2 0
github.com/AnnV0lokitina/diplom1/cmd/gophkeeper/service/show.go:40.2,40.33 1 0
github.com/AnnV0lokitina/diplom1/cmd/gophkeeper/service/show.go:37.16,39.3 1 0
github.com/AnnV0lokitina/diplom1/cmd/gophkeeper/service/show.go:43.96,45.16 2 0
github.com/AnnV0lokitina/diplom1/cmd/gophkeeper/service/show.go:48.2,48.44 1 0
github.com/AnnV0lokitina/diplom1/cmd/gophkeeper/service/show.go:45.16,47.3 1 0
github.com/AnnV0lokitina/diplom1/cmd/gophkeeper/service/show.go:51.92,53.16 2 0
github.com/AnnV0lokitina/diplom1/cmd/gophkeeper/service/show.go:56.2,56.43 1 0
github.com/AnnV0lokitina/diplom1/cmd/gophkeeper/service/show.go:53.16,55.3 1 0
github.com/AnnV0lokitina/diplom1/cmd/gophkeeper/service/show.go:59.97,61.16 2 0
github.com/AnnV0lokitina/diplom1/cmd/gophkeeper/service/show.go:64.2,65.16 2 0
github.com/AnnV0lokitina/diplom1/cmd/gophkeeper/service/show.go:68.2,71.16 4 0
github.com/AnnV0lokitina/diplom1/cmd/gophkeeper/service/show.go:74.2,74.33 1 0
github.com/AnnV0lokitina/diplom1/cmd/gophkeeper/service/show.go:61.16,63.3 1 0
github.com/AnnV0lokitina/diplom1/cmd/gophkeeper/service/show.go:65.16,67.3 1 0
github.com/AnnV0lokitina/diplom1/cmd/gophkeeper/service/show.go:71.16,73.3 1 0
github.com/AnnV0lokitina/diplom1/cmd/gophkeeper/service/show.go:81.25,83.16 2 0
github.com/AnnV0lokitina/diplom1/cmd/gophkeeper/service/show.go:86.2,87.16 2 0
github.com/AnnV0lokitina/diplom1/cmd/gophkeeper/service/show.go:90.2,91.16 2 0
github.com/AnnV0lokitina/diplom1/cmd/gophkeeper/service/show.go:94.2,94.15 1 0
github.com/AnnV0lokitina/diplom1/cmd/gophkeeper/service/show.go:83.16,85.3 1 0
github.com/AnnV0lokitina/diplom1/cmd/gophkeeper/service/show.go:87.16,89.3 1 0
github.com/AnnV0lokitina/diplom1/cmd/gophkeeper/service/show.go:91.16,93.3 1 0
github.com/AnnV0lokitina/diplom1/pkg/error/error.go:23.38,25.2 1 1
github.com/AnnV0lokitina/diplom1/pkg/error/error.go:28.51,33.2 1 1
github.com/AnnV0lokitina/diplom1/cmd/gophkeeper/external/connect.go:19.70,24.2 1 6
github.com/AnnV0lokitina/diplom1/cmd/gophkeeper/external/connect.go:27.71,29.16 2 15
github.com/AnnV0lokitina/diplom1/cmd/gophkeeper/external/connect.go:33.2,33.18 1 15
github.com/AnnV0lokitina/diplom1/cmd/gophkeeper/external/connect.go:29.16,32.3 2 0
github.com/AnnV0lokitina/diplom1/cmd/gophkeeper/external/connect.go:36.103,38.16 2 4
github.com/AnnV0lokitina/diplom1/cmd/gophkeeper/external/connect.go:42.2,49.16 5 4
github.com/AnnV0lokitina/diplom1/cmd/gophkeeper/external/connect.go:53.2,53.31 1 1
github.com/AnnV0lokitina/diplom1/cmd/gophkeeper/external/connect.go:38.16,41.3 2 0
github.com/AnnV0lokitina/diplom1/cmd/gophkeeper/external/connect.go:49.16,52.3 2 3
github.com/AnnV0lokitina/diplom1/cmd/gophkeeper/external/connect.go:56.100,58.16 2 1
github.com/AnnV0lokitina/diplom1/cmd/gophkeeper/external/connect.go:62.2,69.16 5 1
github.com/AnnV0lokitina/diplom1/cmd/gophkeeper/external/connect.go:73.2,73.31 1 1
github.com/AnnV0lokitina/diplom1/cmd/gophkeeper/external/connect.go:58.16,61.3 2 0
github.com/AnnV0lokitina/diplom1/cmd/gophkeeper/external/connect.go:69.16,72.3 2 0
github.com/AnnV0lokitina/diplom1/cmd/gophkeeper/external/connect.go:76.120,78.16 2 5
github.com/AnnV0lokitina/diplom1/cmd/gophkeeper/external/connect.go:82.2,85.16 4 5
github.com/AnnV0lokitina/diplom1/cmd/gophkeeper/external/connect.go:89.2,90.6 2 4
github.com/AnnV0lokitina/diplom1/cmd/gophkeeper/external/connect.go:107.2,108.16 2 4
github.com/AnnV0lokitina/diplom1/cmd/gophkeeper/external/connect.go:112.2,113.12 2 1
github.com/AnnV0lokitina/diplom1/cmd/gophkeeper/external/connect.go:78.16,81.3 2 0
github.com/AnnV0lokitina/diplom1/cmd/gophkeeper/external/connect.go:85.16,88.3 2 1
github.com/AnnV0lokitina/diplom1/cmd/gophkeeper/external/connect.go:90.6,92.20 2 44
github.com/AnnV0lokitina/diplom1/cmd/gophkeeper/external/connect.go:95.3,102.44 2 40
github.com/AnnV0lokitina/diplom1/cmd/gophkeeper/external/connect.go:92.20,93.9 1 4
github.com/AnnV0lokitina/diplom1/cmd/gophkeeper/external/connect.go:102.44,105.4 2 0
github.com/AnnV0lokitina/diplom1/cmd/gophkeeper/external/connect.go:108.16,111.3 2 3
github.com/AnnV0lokitina/diplom1/cmd/gophkeeper/external/connect.go:116.117,118.16 2 4
github.com/AnnV0lokitina/diplom1/cmd/gophkeeper/external/connect.go:122.2,131.16 5 4
github.com/AnnV0lokitina/diplom1/cmd/gophkeeper/external/connect.go:135.2,135.6 1 3
github.com/AnnV0lokitina/diplom1/cmd/gophkeeper/external/connect.go:150.2,150.12 1 1
github.com/AnnV0lokitina/diplom1/cmd/gophkeeper/external/connect.go:118.16,121.3 2 0
github.com/AnnV0lokitina/diplom1/cmd/gophkeeper/external/connect.go:131.16,134.3 2 1
github.com/AnnV0lokitina/diplom1/cmd/gophkeeper/external/connect.go:135.6,137.20 2 13
github.com/AnnV0lokitina/diplom1/cmd/gophkeeper/external/connect.go:140.3,140.17 1 12
github.com/AnnV0lokitina/diplom1/cmd/gophkeeper/external/connect.go:144.3,145.17 2 10
github.com/AnnV0lokitina/diplom1/cmd/gophkeeper/external/connect.go:137.20,138.9 1 1
github.com/AnnV0lokitina/diplom1/cmd/gophkeeper/external/connect.go:140.17,143.4 2 2
github.com/AnnV0lokitina/diplom1/cmd/gophkeeper/external/connect.go:145.17,148.4 2 0
github.com/AnnV0lokitina/diplom1/cmd/gophkeeper/external/error.go:9.48,14.2 1 16
github.com/AnnV0lokitina/diplom1/cmd/gophkeeper/external/error.go:25.38,26.17 1 8
github.com/AnnV0lokitina/diplom1/cmd/gophkeeper/external/error.go:38.2,38.24 1 1
github.com/AnnV0lokitina/diplom1/cmd/gophkeeper/external/error.go:27.27,28.35 1 1
github.com/AnnV0lokitina/diplom1/cmd/gophkeeper/external/error.go:29.25,30.31 1 1
github.com/AnnV0lokitina/diplom1/cmd/gophkeeper/external/error.go:31.22,32.24 1 1
github.com/AnnV0lokitina/diplom1/cmd/gophkeeper/external/error.go:33.30,34.34 1 3
github.com/AnnV0lokitina/diplom1/cmd/gophkeeper/external/error.go:35.35,36.39 1 1
github.com/AnnV0lokitina/diplom1/cmd/gophkeeper/external/error.go:41.32,43.2 1 8
github.com/AnnV0lokitina/diplom1/pkg/userid/userid.go:10.39,13.16 3 1
github.com/AnnV0lokitina/diplom1/pkg/userid/userid.go:16.2,16.40 1 1
github.com/AnnV0lokitina/diplom1/pkg/userid/userid.go:13.16,15.3 1 0
github.com/AnnV0lokitina/diplom1/internal/db/repo.go:15.58,19.16 4 2
github.com/AnnV0lokitina/diplom1/internal/db/repo.go:22.2,24.8 1 2
github.com/AnnV0lokitina/diplom1/internal/db/repo.go:19.16,21.3 1 0
github.com/AnnV0lokitina/diplom1/internal/db/repo.go:28.47,30.2 1 2
github.com/AnnV0lokitina/diplom1/internal/db/user.go:18.9,23.16 4 2
github.com/AnnV0lokitina/diplom1/internal/db/user.go:26.2,36.16 6 2
github.com/AnnV0lokitina/diplom1/internal/db/user.go:42.2,47.97 4 1
github.com/AnnV0lokitina/diplom1/internal/db/user.go:50.2,51.16 2 1
github.com/AnnV0lokitina/diplom1/internal/db/user.go:54.2,54.12 1 1
github.com/AnnV0lokitina/diplom1/internal/db/user.go:23.16,25.3 1 0
github.com/AnnV0lokitina/diplom1/internal/db/user.go:36.16,37.36 1 1
github.com/AnnV0lokitina/diplom1/internal/db/user.go:40.3,40.13 1 0
github.com/AnnV0lokitina/diplom1/internal/db/user.go:37.36,39.4 1 1
github.com/AnnV0lokitina/diplom1/internal/db/user.go:47.97,49.3 1 0
github.com/AnnV0lokitina/diplom1/internal/db/user.go:51.16,53.3 1 0
github.com/AnnV0lokitina/diplom1/internal/db/user.go:62.16,69.16 7 2
github.com/AnnV0lokitina/diplom1/internal/db/user.go:75.2,75.20 1 1
github.com/AnnV0lokitina/diplom1/internal/db/user.go:69.16,70.36 1 1
github.com/AnnV0lokitina/diplom1/internal/db/user.go:73.3,73.16 1 0
github.com/AnnV0lokitina/diplom1/internal/db/user.go:70.36,72.4 1 1
github.com/AnnV0lokitina/diplom1/internal/db/user.go:79.75,87.16 7 2
github.com/AnnV0lokitina/diplom1/internal/db/user.go:90.2,90.12 1 2
github.com/AnnV0lokitina/diplom1/internal/db/user.go:87.16,89.3 1 0
github.com/AnnV0lokitina/diplom1/internal/db/user.go:94.94,107.16 9 2
github.com/AnnV0lokitina/diplom1/internal/db/user.go:113.2,118.18 2 1
github.com/AnnV0lokitina/diplom1/internal/db/user.go:107.16,108.36 1 1
github.com/AnnV0lokitina/diplom1/internal/db/user.go:111.3,111.18 1 0
github.com/AnnV0lokitina/diplom1/internal/db/user.go:108.36,110.4 1 1
github.com/AnnV0lokitina/diplom1/cmd/gophkeeper/handler/show.go:9.58,16.2 1 0
github.com/AnnV0lokitina/diplom1/cmd/gophkeeper/handler/show.go:18.52,27.2 1 0
github.com/AnnV0lokitina/diplom1/cmd/gophkeeper/handler/show.go:29.44,35.2 1 0
github.com/AnnV0lokitina/diplom1/cmd/gophkeeper/handler/show.go:37.60,39.32 2 0
github.com/AnnV0lokitina/diplom1/cmd/gophkeeper/handler/show.go:39.32,41.3 1 0
github.com/AnnV0lokitina/diplom1/cmd/gophkeeper/handler/show.go:44.58,46.26 2 0
github.com/AnnV0lokitina/diplom1/cmd/gophkeeper/handler/show.go:46.26,48.3 1 0
github.com/AnnV0lokitina/diplom1/cmd/gophkeeper/handler/show.go:51.59,53.26 2 0
github.com/AnnV0lokitina/diplom1/cmd/gophkeeper/handler/show.go:53.26,55.3 1 0
github.com/AnnV0lokitina/diplom1/cmd/gophkeeper/handler/show.go:58.57,60.32 2 0
github.com/AnnV0lokitina/diplom1/cmd/gophkeeper/handler/show.go:60.32,62.3 1 0
github.com/AnnV0lokitina/diplom1/cmd/gophkeeper/handler/show.go:65.76,67.14 2 0
github.com/AnnV0lokitina/diplom1/cmd/gophkeeper/handler/show.go:71.2,71.24 1 0
github.com/AnnV0lokitina/diplom1/cmd/gophkeeper/handler/show.go:67.14,70.3 2 0
github.com/AnnV0lokitina/diplom1/cmd/gophkeeper/handler/show.go:74.75,76.14 2 0
github.com/AnnV0lokitina/diplom1/cmd/gophkeeper/handler/show.go:80.2,80.21 1 0
github.com/AnnV0lokitina/diplom1/cmd/gophkeeper/handler/show.go:76.14,79.3 2 0
github.com/AnnV0lokitina/diplom1/cmd/gophkeeper/handler/show.go:83.77,85.16 2 0
github.com/AnnV0lokitina/diplom1/cmd/gophkeeper/handler/show.go:89.2,91.12 3 0
github.com/AnnV0lokitina/diplom1/cmd/gophkeeper/handler/show.go:85.16,88.3 2 0
github.com/AnnV0lokitina/diplom1/cmd/gophkeeper/handler/show.go:94.92,96.16 2 0
github.com/AnnV0lokitina/diplom1/cmd/gophkeeper/handler/show.go:100.2,101.12 2 0
github.com/AnnV0lokitina/diplom1/cmd/gophkeeper/handler/show.go:96.16,99.3 2 0
github.com/AnnV0lokitina/diplom1/cmd/gophkeeper/handler/add.go:9.105,11.16 2 0
github.com/AnnV0lokitina/diplom1/cmd/gophkeeper/handler/add.go:14.2,15.12 2 0
github.com/AnnV0lokitina/diplom1/cmd/gophkeeper/handler/add.go:11.16,13.3 1 0
github.com/AnnV0lokitina/diplom1/cmd/gophkeeper/handler/add.go:19.101,21.16 2 0
github.com/AnnV0lokitina/diplom1/cmd/gophkeeper/handler/add.go:24.2,25.12 2 0
github.com/AnnV0lokitina/diplom1/cmd/gophkeeper/handler/add.go:21.16,23.3 1 0
github.com/AnnV0lokitina/diplom1/cmd/gophkeeper/handler/add.go:29.94,31.16 2 0
github.com/AnnV0lokitina/diplom1/cmd/gophkeeper/handler/add.go:34.2,35.12 2 0
github.com/AnnV0lokitina/diplom1/cmd/gophkeeper/handler/add.go:31.16,33.3 1 0
github.com/AnnV0lokitina/diplom1/cmd/gophkeeper/handler/add.go:46.9,48.16 2 0
github.com/AnnV0lokitina/diplom1/cmd/gophkeeper/handler/add.go:51.2,52.12 2 0
github.com/AnnV0lokitina/diplom1/cmd/gophkeeper/handler/add.go:48.16,50.3 1 0
github.com/AnnV0lokitina/diplom1/cmd/gophkeeper/handler/handler.go:25.52,26.22 1 0
github.com/AnnV0lokitina/diplom1/cmd/gophkeeper/handler/handler.go:34.2,40.16 7 0
github.com/AnnV0lokitina/diplom1/cmd/gophkeeper/handler/handler.go:44.2,46.50 3 0
github.com/AnnV0lokitina/diplom1/cmd/gophkeeper/handler/handler.go:50.2,52.16 3 0
github.com/AnnV0lokitina/diplom1/cmd/gophkeeper/handler/handler.go:56.2,66.8 8 0
github.com/AnnV0lokitina/diplom1/cmd/gophkeeper/handler/handler.go:26.22,29.17 3 0
github.com/AnnV0lokitina/diplom1/cmd/gophkeeper/handler/handler.go:29.17,32.4 2 0
github.com/AnnV0lokitina/diplom1/cmd/gophkeeper/handler/handler.go:40.16,43.3 2 0
github.com/AnnV0lokitina/diplom1/cmd/gophkeeper/handler/handler.go:46.50,49.3 2 0
github.com/AnnV0lokitina/diplom1/cmd/gophkeeper/handler/handler.go:52.16,55.3 2 0
github.com/AnnV0lokitina/diplom1/cmd/gophkeeper/handler/registration.go:9.86,11.16 2 0
github.com/AnnV0lokitina/diplom1/cmd/gophkeeper/handler/registration.go:14.2,15.12 2 0
github.com/AnnV0lokitina/diplom1/cmd/gophkeeper/handler/registration.go:11.16,13.3 1 0
github.com/AnnV0lokitina/diplom1/cmd/gophkeeper/handler/registration.go:19.83,21.16 2 0
github.com/AnnV0lokitina/diplom1/cmd/gophkeeper/handler/registration.go:24.2,25.12 2 0
github.com/AnnV0lokitina/diplom1/cmd/gophkeeper/handler/registration.go:21.16,23.3 1 0
github.com/AnnV0lokitina/diplom1/cmd/gophkeeper/handler/remove.go:9.85,11.16 2 0
github.com/AnnV0lokitina/diplom1/cmd/gophkeeper/handler/remove.go:14.2,15.12 2 0
github.com/AnnV0lokitina/diplom1/cmd/gophkeeper/handler/remove.go:11.16,13.3 1 0
github.com/AnnV0lokitina/diplom1/cmd/gophkeeper/handler/remove.go:19.76,21.16 2 0
github.com/AnnV0lokitina/diplom1/cmd/gophkeeper/handler/remove.go:24.2,25.12 2 0
github.com/AnnV0lokitina/diplom1/cmd/gophkeeper/handler/remove.go:21.16,23.3 1 0
github.com/AnnV0lokitina/diplom1/cmd/gophkeeper/handler/remove.go:29.82,31.16 2 0
github.com/AnnV0lokitina/diplom1/cmd/gophkeeper/handler/remove.go:34.2,35.12 2 0
github.com/AnnV0lokitina/diplom1/cmd/gophkeeper/handler/remove.go:31.16,33.3 1 0
github.com/AnnV0lokitina/diplom1/cmd/gophkeeper/handler/remove.go:39.84,41.16 2 0
github.com/AnnV0lokitina/diplom1/cmd/gophkeeper/handler/remove.go:44.2,45.12 2 0
github.com/AnnV0lokitina/diplom1/cmd/gophkeeper/handler/remove.go:41.16,43.3 1 0
github.com/AnnV0lokitina/diplom1/pkg/archive/archive.go:15.81,23.2 1 5
github.com/AnnV0lokitina/diplom1/pkg/archive/archive.go:26.57,28.2 1 3
github.com/AnnV0lokitina/diplom1/pkg/archive/archive.go:31.57,33.2 1 2
github.com/AnnV0lokitina/diplom1/pkg/archive/archive.go:36.58,38.2 1 1
github.com/AnnV0lokitina/diplom1/pkg/archive/file.go:18.41,22.2 1 4
github.com/AnnV0lokitina/diplom1/pkg/archive/file.go:25.62,28.44 3 4
github.com/AnnV0lokitina/diplom1/pkg/archive/file.go:32.2,32.28 1 4
github.com/AnnV0lokitina/diplom1/pkg/archive/file.go:28.44,31.3 2 0
github.com/AnnV0lokitina/diplom1/pkg/archive/read_by_chunks.go:13.64,16.16 3 4
github.com/AnnV0lokitina/diplom1/pkg/archive/read_by_chunks.go:19.2,24.6 4 4
github.com/AnnV0lokitina/diplom1/pkg/archive/read_by_chunks.go:43.2,43.12 1 4
github.com/AnnV0lokitina/diplom1/pkg/archive/read_by_chunks.go:16.16,18.3 1 0
github.com/AnnV0lokitina/diplom1/pkg/archive/read_by_chunks.go:24.6,26.17 2 56
github.com/AnnV0lokitina/diplom1/pkg/archive/read_by_chunks.go:33.3,33.13 1 52
github.com/AnnV0lokitina/diplom1/pkg/archive/read_by_chunks.go:37.3,38.17 2 52
github.com/AnnV0lokitina/diplom1/pkg/archive/read_by_chunks.go:26.17,27.21 1 4
github.com/AnnV0lokitina/diplom1/pkg/archive/read_by_chunks.go:31.4,31.9 1 4
github.com/AnnV0lokitina/diplom1/pkg/archive/read_by_chunks.go:27.21,30.5 2 0
github.com/AnnV0lokitina/diplom1/pkg/archive/read_by_chunks.go:33.13,35.4 1 0
github.com/AnnV0lokitina/diplom1/pkg/archive/read_by_chunks.go:38.17,41.4 2 0
github.com/AnnV0lokitina/diplom1/pkg/archive/unzip.go:11.37,15.2 3 1
github.com/AnnV0lokitina/diplom1/pkg/archive/unzip.go:18.50,20.16 2 1
github.com/AnnV0lokitina/diplom1/pkg/archive/unzip.go:24.2,27.16 3 1
github.com/AnnV0lokitina/diplom1/pkg/archive/unzip.go:32.2,32.32 1 1
github.com/AnnV0lokitina/diplom1/pkg/archive/unzip.go:40.2,40.12 1 1
github.com/AnnV0lokitina/diplom1/pkg/archive/unzip.go:20.16,23.3 2 0
github.com/AnnV0lokitina/diplom1/pkg/archive/unzip.go:27.16,30.3 2 0
github.com/AnnV0lokitina/diplom1/pkg/archive/unzip.go:32.32,34.17 2 4
github.com/AnnV0lokitina/diplom1/pkg/archive/unzip.go:34.17,37.4 2 0
github.com/AnnV0lokitina/diplom1/pkg/archive/unzip.go:43.55,47.16 3 4
github.com/AnnV0lokitina/diplom1/pkg/archive/unzip.go:51.2,54.16 3 4
github.com/AnnV0lokitina/diplom1/pkg/archive/unzip.go:58.2,60.64 2 4
github.com/AnnV0lokitina/diplom1/pkg/archive/unzip.go:64.2,64.12 1 4
github.com/AnnV0lokitina/diplom1/pkg/archive/unzip.go:47.16,50.3 2 0
github.com/AnnV0lokitina/diplom1/pkg/archive/unzip.go:54.16,57.3 2 0
github.com/AnnV0lokitina/diplom1/pkg/archive/unzip.go:60.64,63.3 2 0
github.com/AnnV0lokitina/diplom1/pkg/archive/write_by_chunks.go:11.65,14.16 3 2
github.com/AnnV0lokitina/diplom1/pkg/archive/write_by_chunks.go:17.2,19.6 3 2
github.com/AnnV0lokitina/diplom1/pkg/archive/write_by_chunks.go:30.2,30.12 1 2
github.com/AnnV0lokitina/diplom1/pkg/archive/write_by_chunks.go:14.16,16.3 1 0
github.com/AnnV0lokitina/diplom1/pkg/archive/write_by_chunks.go:19.6,21.30 2 28
github.com/AnnV0lokitina/diplom1/pkg/archive/write_by_chunks.go:24.3,25.17 2 26
github.com/AnnV0lokitina/diplom1/pkg/archive/write_by_chunks.go:21.30,22.9 1 2
github.com/AnnV0lokitina/diplom1/pkg/archive/write_by_chunks.go:25.17,28.4 2 0
github.com/AnnV0lokitina/diplom1/pkg/archive/zip.go:11.35,15.2 3 2
github.com/AnnV0lokitina/diplom1/pkg/archive/zip.go:18.43,20.16 2 2
github.com/AnnV0lokitina/diplom1/pkg/archive/zip.go:23.2,27.84 4 2
github.com/AnnV0lokitina/diplom1/pkg/archive/zip.go:20.16,22.3 1 0
github.com/AnnV0lokitina/diplom1/pkg/archive/zip.go:27.84,28.17 1 10
github.com/AnnV0lokitina/diplom1/pkg/archive/zip.go:31.3,31.19 1 10
github.com/AnnV0lokitina/diplom1/pkg/archive/zip.go:34.3,35.17 2 8
github.com/AnnV0lokitina/diplom1/pkg/archive/zip.go:38.3,41.17 4 8
github.com/AnnV0lokitina/diplom1/pkg/archive/zip.go:45.3,46.17 2 8
github.com/AnnV0lokitina/diplom1/pkg/archive/zip.go:49.3,52.13 3 8
github.com/AnnV0lokitina/diplom1/pkg/archive/zip.go:28.17,30.4 1 0
github.com/AnnV0lokitina/diplom1/pkg/archive/zip.go:31.19,33.4 1 2
github.com/AnnV0lokitina/diplom1/pkg/archive/zip.go:35.17,37.4 1 0
github.com/AnnV0lokitina/diplom1/pkg/archive/zip.go:41.17,43.4 1 0
github.com/AnnV0lokitina/diplom1/pkg/archive/zip.go:46.17,48.4 1 0
